app/build/intermediates/manifest_merge_blame_file/debug/manifest-merger-blame-debug-report.txt
1<?xml version="1.0" encoding="utf-8"?>
2<manifest xmlns:android="http://schemas.android.com/apk/res/android"
3    package="com.pixelro.nenoonkiosk"
4    android:versionCode="1"
5    android:versionName="1.0" >
6
7    <uses-sdk
8        android:minSdkVersion="24"
8-->src\main\AndroidManifest.xml
9        android:targetSdkVersion="33" />
9-->src\main\AndroidManifest.xml
10
11    <uses-feature android:name="android.hardware.camera.any" />
11-->src\main\AndroidManifest.xml:5:5-64
11-->src\main\AndroidManifest.xml:5:19-61
12
13    <uses-permission android:name="android.permission.CAMERA" />
13-->src\main\AndroidManifest.xml:6:5-65
13-->src\main\AndroidManifest.xml:6:22-62
14    <uses-permission android:name="android.permission.QUERY_ALL_PACKAGES" />
14-->src\main\AndroidManifest.xml:7:5-8:53
14-->src\main\AndroidManifest.xml:7:22-74
15
16    <queries>
16-->src\main\AndroidManifest.xml:10:5-15:15
17        <intent>
17-->src\main\AndroidManifest.xml:11:9-14:18
18            <action android:name="android.intent.action.TTS_SERVICE" />
18-->src\main\AndroidManifest.xml:12:13-13:68
18-->src\main\AndroidManifest.xml:13:17-65
19        </intent>
20        <intent>
20-->[androidx.camera:camera-extensions:1.3.0-alpha04] AndroidManifest.xml:23:9-25:18
21            <action android:name="androidx.camera.extensions.action.VENDOR_ACTION" />
21-->[androidx.camera:camera-extensions:1.3.0-alpha04] AndroidManifest.xml:24:13-86
21-->[androidx.camera:camera-extensions:1.3.0-alpha04] AndroidManifest.xml:24:21-83
22        </intent>
23    </queries>
24
25    <permission
25-->[androidx.core:core:1.9.0] AndroidManifest.xml:22:5-24:47
26        android:name="com.pixelro.nenoonkiosk.DYNAMIC_RECEIVER_NOT_EXPORTED_PERMISSION"
26-->[androidx.core:core:1.9.0] AndroidManifest.xml:23:9-81
27        android:protectionLevel="signature" />
27-->[androidx.core:core:1.9.0] AndroidManifest.xml:24:9-44
28
29    <uses-permission android:name="com.pixelro.nenoonkiosk.DYNAMIC_RECEIVER_NOT_EXPORTED_PERMISSION" />
29-->[androidx.core:core:1.9.0] AndroidManifest.xml:26:5-97
29-->[androidx.core:core:1.9.0] AndroidManifest.xml:26:22-94
30    <uses-permission android:name="android.permission.REORDER_TASKS" /> <!-- Although the *SdkVersion is captured in gradle build files, this is required for non gradle builds -->
30-->[androidx.test:core:1.4.0] AndroidManifest.xml:24:5-72
30-->[androidx.test:core:1.4.0] AndroidManifest.xml:24:22-69
31    <!-- <uses-sdk android:minSdkVersion="14"/> -->
32    <uses-permission android:name="android.permission.ACCESS_NETWORK_STATE" />
32-->[com.google.android.datatransport:transport-backend-cct:2.3.3] AndroidManifest.xml:25:5-79
32-->[com.google.android.datatransport:transport-backend-cct:2.3.3] AndroidManifest.xml:25:22-76
33    <uses-permission android:name="android.permission.INTERNET" />
33-->[com.google.android.datatransport:transport-backend-cct:2.3.3] AndroidManifest.xml:26:5-67
33-->[com.google.android.datatransport:transport-backend-cct:2.3.3] AndroidManifest.xml:26:22-64
34
35    <application
35-->src\main\AndroidManifest.xml:17:5-37:19
36        android:allowBackup="true"
36-->src\main\AndroidManifest.xml:18:9-35
37        android:appComponentFactory="androidx.core.app.CoreComponentFactory"
37-->[androidx.core:core:1.9.0] AndroidManifest.xml:28:18-86
38        android:dataExtractionRules="@xml/data_extraction_rules"
38-->src\main\AndroidManifest.xml:19:9-65
39        android:debuggable="true"
40        android:extractNativeLibs="false"
41        android:fullBackupContent="@xml/backup_rules"
41-->src\main\AndroidManifest.xml:20:9-54
42        android:icon="@mipmap/ic_launcher"
42-->src\main\AndroidManifest.xml:21:9-43
43        android:label="@string/app_name"
43-->src\main\AndroidManifest.xml:22:9-41
44        android:supportsRtl="true"
44-->src\main\AndroidManifest.xml:23:9-35
45        android:testOnly="true"
46        android:theme="@style/Theme.NenoonKiosk" >
46-->src\main\AndroidManifest.xml:24:9-49
47        <activity
47-->src\main\AndroidManifest.xml:26:9-36:20
48            android:name="com.pixelro.nenoonkiosk.MainActivity"
48-->src\main\AndroidManifest.xml:27:13-41
49            android:exported="true"
49-->src\main\AndroidManifest.xml:28:13-36
50            android:label="@string/app_name"
50-->src\main\AndroidManifest.xml:29:13-45
51            android:theme="@style/Theme.NenoonKiosk" >
51-->src\main\AndroidManifest.xml:30:13-53
52            <intent-filter>
52-->src\main\AndroidManifest.xml:31:13-35:29
53                <action android:name="android.intent.action.MAIN" />
53-->src\main\AndroidManifest.xml:32:17-69
53-->src\main\AndroidManifest.xml:32:25-66
54
55                <category android:name="android.intent.category.LAUNCHER" />
55-->src\main\AndroidManifest.xml:34:17-77
55-->src\main\AndroidManifest.xml:34:27-74
56            </intent-filter>
57        </activity>
58
59        <service
59-->[com.google.android.gms:play-services-mlkit-face-detection:17.0.1] AndroidManifest.xml:9:9-15:19
60            android:name="com.google.mlkit.common.internal.MlKitComponentDiscoveryService"
60-->[com.google.android.gms:play-services-mlkit-face-detection:17.0.1] AndroidManifest.xml:10:13-91
61            android:directBootAware="true"
61-->[com.google.mlkit:common:18.1.0] AndroidManifest.xml:17:13-43
62            android:exported="false" >
62-->[com.google.android.gms:play-services-mlkit-face-detection:17.0.1] AndroidManifest.xml:11:13-37
63            <meta-data
63-->[com.google.android.gms:play-services-mlkit-face-detection:17.0.1] AndroidManifest.xml:12:13-14:85
64                android:name="com.google.firebase.components:com.google.mlkit.vision.face.internal.FaceRegistrar"
64-->[com.google.android.gms:play-services-mlkit-face-detection:17.0.1] AndroidManifest.xml:13:17-114
65                android:value="com.google.firebase.components.ComponentRegistrar" />
65-->[com.google.android.gms:play-services-mlkit-face-detection:17.0.1] AndroidManifest.xml:14:17-82
66            <meta-data
66-->[com.google.mlkit:vision-common:17.1.0] AndroidManifest.xml:12:13-14:85
67                android:name="com.google.firebase.components:com.google.mlkit.vision.common.internal.VisionCommonRegistrar"
67-->[com.google.mlkit:vision-common:17.1.0] AndroidManifest.xml:13:17-124
68                android:value="com.google.firebase.components.ComponentRegistrar" />
68-->[com.google.mlkit:vision-common:17.1.0] AndroidManifest.xml:14:17-82
69            <meta-data
69-->[com.google.mlkit:common:18.1.0] AndroidManifest.xml:20:13-22:85
70                android:name="com.google.firebase.components:com.google.mlkit.common.internal.CommonComponentRegistrar"
70-->[com.google.mlkit:common:18.1.0] AndroidManifest.xml:21:17-120
71                android:value="com.google.firebase.components.ComponentRegistrar" />
71-->[com.google.mlkit:common:18.1.0] AndroidManifest.xml:22:17-82
72        </service>
73
74        <provider
74-->[com.google.mlkit:common:18.1.0] AndroidManifest.xml:9:9-13:38
75            android:name="com.google.mlkit.common.internal.MlKitInitProvider"
75-->[com.google.mlkit:common:18.1.0] AndroidManifest.xml:10:13-78
76            android:authorities="com.pixelro.nenoonkiosk.mlkitinitprovider"
76-->[com.google.mlkit:common:18.1.0] AndroidManifest.xml:11:13-69
77            android:exported="false"
77-->[com.google.mlkit:common:18.1.0] AndroidManifest.xml:12:13-37
78            android:initOrder="99" />
78-->[com.google.mlkit:common:18.1.0] AndroidManifest.xml:13:13-35
79
80        <activity
80-->[com.google.android.gms:play-services-base:18.0.1] AndroidManifest.xml:20:9-22:45
81            android:name="com.google.android.gms.common.api.GoogleApiActivity"
81-->[com.google.android.gms:play-services-base:18.0.1] AndroidManifest.xml:20:19-85
82            android:exported="false"
82-->[com.google.android.gms:play-services-base:18.0.1] AndroidManifest.xml:22:19-43
83            android:theme="@android:style/Theme.Translucent.NoTitleBar" />
83-->[com.google.android.gms:play-services-base:18.0.1] AndroidManifest.xml:21:19-78
84
85        <meta-data
85-->[com.google.android.gms:play-services-basement:18.0.0] AndroidManifest.xml:21:9-23:69
86            android:name="com.google.android.gms.version"
86-->[com.google.android.gms:play-services-basement:18.0.0] AndroidManifest.xml:22:13-58
87            android:value="@integer/google_play_services_version" />
87-->[com.google.android.gms:play-services-basement:18.0.0] AndroidManifest.xml:23:13-66
88
89        <uses-library
89-->[androidx.camera:camera-extensions:1.3.0-alpha04] AndroidManifest.xml:29:9-31:40
90            android:name="androidx.camera.extensions.impl"
90-->[androidx.camera:camera-extensions:1.3.0-alpha04] AndroidManifest.xml:30:13-59
91            android:required="false" />
91-->[androidx.camera:camera-extensions:1.3.0-alpha04] AndroidManifest.xml:31:13-37
92
93        <service
93-->[androidx.camera:camera-camera2:1.3.0-alpha04] AndroidManifest.xml:24:9-33:19
94            android:name="androidx.camera.core.impl.MetadataHolderService"
94-->[androidx.camera:camera-camera2:1.3.0-alpha04] AndroidManifest.xml:25:13-75
95            android:enabled="false"
95-->[androidx.camera:camera-camera2:1.3.0-alpha04] AndroidManifest.xml:26:13-36
96            android:exported="false" >
96-->[androidx.camera:camera-camera2:1.3.0-alpha04] AndroidManifest.xml:27:13-37
97            <meta-data
97-->[androidx.camera:camera-camera2:1.3.0-alpha04] AndroidManifest.xml:30:13-32:89
98                android:name="androidx.camera.core.impl.MetadataHolderService.DEFAULT_CONFIG_PROVIDER"
98-->[androidx.camera:camera-camera2:1.3.0-alpha04] AndroidManifest.xml:31:17-103
99                android:value="androidx.camera.camera2.Camera2Config$DefaultProvider" />
99-->[androidx.camera:camera-camera2:1.3.0-alpha04] AndroidManifest.xml:32:17-86
100        </service>
101
102        <activity
102-->[androidx.compose.ui:ui-test-manifest:1.4.0-rc01] AndroidManifest.xml:23:9-25:39
103            android:name="androidx.activity.ComponentActivity"
103-->[androidx.compose.ui:ui-test-manifest:1.4.0-rc01] AndroidManifest.xml:24:13-63
104            android:exported="true" />
104-->[androidx.compose.ui:ui-test-manifest:1.4.0-rc01] AndroidManifest.xml:25:13-36
105
106        <provider
106-->[androidx.emoji2:emoji2:1.3.0-rc01] AndroidManifest.xml:24:9-32:20
107            android:name="androidx.startup.InitializationProvider"
107-->[androidx.emoji2:emoji2:1.3.0-rc01] AndroidManifest.xml:25:13-67
108            android:authorities="com.pixelro.nenoonkiosk.androidx-startup"
108-->[androidx.emoji2:emoji2:1.3.0-rc01] AndroidManifest.xml:26:13-68
109            android:exported="false" >
109-->[androidx.emoji2:emoji2:1.3.0-rc01] AndroidManifest.xml:27:13-37
110            <meta-data
110-->[androidx.emoji2:emoji2:1.3.0-rc01] AndroidManifest.xml:29:13-31:52
111                android:name="androidx.emoji2.text.EmojiCompatInitializer"
111-->[androidx.emoji2:emoji2:1.3.0-rc01] AndroidManifest.xml:30:17-75
112                android:value="androidx.startup" />
112-->[androidx.emoji2:emoji2:1.3.0-rc01] AndroidManifest.xml:31:17-49
113            <meta-data
113-->[androidx.lifecycle:lifecycle-process:2.6.1] AndroidManifest.xml:29:13-31:52
114                android:name="androidx.lifecycle.ProcessLifecycleInitializer"
114-->[androidx.lifecycle:lifecycle-process:2.6.1] AndroidManifest.xml:30:17-78
115                android:value="androidx.startup" />
115-->[androidx.lifecycle:lifecycle-process:2.6.1] AndroidManifest.xml:31:17-49
116            <meta-data
116-->[androidx.profileinstaller:profileinstaller:1.3.0] AndroidManifest.xml:29:13-31:52
117                android:name="androidx.profileinstaller.ProfileInstallerInitializer"
117-->[androidx.profileinstaller:profileinstaller:1.3.0] AndroidManifest.xml:30:17-85
118                android:value="androidx.startup" />
118-->[androidx.profileinstaller:profileinstaller:1.3.0] AndroidManifest.xml:31:17-49
119        </provider>
120
121        <activity
121-->[androidx.test:core:1.4.0] AndroidManifest.xml:27:9-34:20
122            android:name="androidx.test.core.app.InstrumentationActivityInvoker$BootstrapActivity"
122-->[androidx.test:core:1.4.0] AndroidManifest.xml:28:13-99
123            android:exported="true"
123-->[androidx.test:core:1.4.0] AndroidManifest.xml:29:13-36
124            android:theme="@android:style/Theme" >
124-->[androidx.test:core:1.4.0] AndroidManifest.xml:30:13-49
125            <intent-filter>
125-->[androidx.test:core:1.4.0] AndroidManifest.xml:31:13-33:29
126                <action android:name="android.intent.action.MAIN" />
126-->src\main\AndroidManifest.xml:32:17-69
126-->src\main\AndroidManifest.xml:32:25-66
127            </intent-filter>
128        </activity>
129        <activity
129-->[androidx.test:core:1.4.0] AndroidManifest.xml:35:9-42:20
130            android:name="androidx.test.core.app.InstrumentationActivityInvoker$EmptyActivity"
130-->[androidx.test:core:1.4.0] AndroidManifest.xml:36:13-95
131            android:exported="true"
131-->[androidx.test:core:1.4.0] AndroidManifest.xml:37:13-36
132            android:theme="@android:style/Theme" >
132-->[androidx.test:core:1.4.0] AndroidManifest.xml:38:13-49
133            <intent-filter>
133-->[androidx.test:core:1.4.0] AndroidManifest.xml:31:13-33:29
134                <action android:name="android.intent.action.MAIN" />
134-->src\main\AndroidManifest.xml:32:17-69
134-->src\main\AndroidManifest.xml:32:25-66
135            </intent-filter>
136        </activity>
137        <activity
137-->[androidx.test:core:1.4.0] AndroidManifest.xml:43:9-50:20
138            android:name="androidx.test.core.app.InstrumentationActivityInvoker$EmptyFloatingActivity"
138-->[androidx.test:core:1.4.0] AndroidManifest.xml:44:13-103
139            android:exported="true"
139-->[androidx.test:core:1.4.0] AndroidManifest.xml:45:13-36
140            android:theme="@android:style/Theme.Dialog" >
140-->[androidx.test:core:1.4.0] AndroidManifest.xml:46:13-56
141            <intent-filter>
141-->[androidx.test:core:1.4.0] AndroidManifest.xml:31:13-33:29
142                <action android:name="android.intent.action.MAIN" />
142-->src\main\AndroidManifest.xml:32:17-69
142-->src\main\AndroidManifest.xml:32:25-66
143            </intent-filter>
144        </activity>
145        <activity
145-->[androidx.compose.ui:ui-tooling:1.4.0-rc01] AndroidManifest.xml:23:9-25:39
146            android:name="androidx.compose.ui.tooling.PreviewActivity"
146-->[androidx.compose.ui:ui-tooling:1.4.0-rc01] AndroidManifest.xml:24:13-71
147            android:exported="true" />
147-->[androidx.compose.ui:ui-tooling:1.4.0-rc01] AndroidManifest.xml:25:13-36
148
149        <service
149-->[com.google.android.datatransport:transport-backend-cct:2.3.3] AndroidManifest.xml:29:9-35:19
150            android:name="com.google.android.datatransport.runtime.backends.TransportBackendDiscovery"
150-->[com.google.android.datatransport:transport-backend-cct:2.3.3] AndroidManifest.xml:30:13-103
151            android:exported="false" >
151-->[com.google.android.datatransport:transport-backend-cct:2.3.3] AndroidManifest.xml:31:13-37
152            <meta-data
152-->[com.google.android.datatransport:transport-backend-cct:2.3.3] AndroidManifest.xml:32:13-34:39
153                android:name="backend:com.google.android.datatransport.cct.CctBackendFactory"
153-->[com.google.android.datatransport:transport-backend-cct:2.3.3] AndroidManifest.xml:33:17-94
154                android:value="cct" />
154-->[com.google.android.datatransport:transport-backend-cct:2.3.3] AndroidManifest.xml:34:17-36
155        </service>
156        <service
156-->[com.google.android.datatransport:transport-runtime:2.2.6] AndroidManifest.xml:26:9-30:19
157            android:name="com.google.android.datatransport.runtime.scheduling.jobscheduling.JobInfoSchedulerService"
157-->[com.google.android.datatransport:transport-runtime:2.2.6] AndroidManifest.xml:27:13-117
158            android:exported="false"
158-->[com.google.android.datatransport:transport-runtime:2.2.6] AndroidManifest.xml:28:13-37
159            android:permission="android.permission.BIND_JOB_SERVICE" >
159-->[com.google.android.datatransport:transport-runtime:2.2.6] AndroidManifest.xml:29:13-69
160        </service>
161
162        <receiver
162-->[com.google.android.datatransport:transport-runtime:2.2.6] AndroidManifest.xml:32:9-34:40
163            android:name="com.google.android.datatransport.runtime.scheduling.jobscheduling.AlarmManagerSchedulerBroadcastReceiver"
163-->[com.google.android.datatransport:transport-runtime:2.2.6] AndroidManifest.xml:33:13-132
164            android:exported="false" />
164-->[com.google.android.datatransport:transport-runtime:2.2.6] AndroidManifest.xml:34:13-37
165        <receiver
165-->[androidx.profileinstaller:profileinstaller:1.3.0] AndroidManifest.xml:34:9-52:20
166            android:name="androidx.profileinstaller.ProfileInstallReceiver"
166-->[androidx.profileinstaller:profileinstaller:1.3.0] AndroidManifest.xml:35:13-76
167            android:directBootAware="false"
167-->[androidx.profileinstaller:profileinstaller:1.3.0] AndroidManifest.xml:36:13-44
168            android:enabled="true"
168-->[androidx.profileinstaller:profileinstaller:1.3.0] AndroidManifest.xml:37:13-35
169            android:exported="true"
169-->[androidx.profileinstaller:profileinstaller:1.3.0] AndroidManifest.xml:38:13-36
170            android:permission="android.permission.DUMP" >
170-->[androidx.profileinstaller:profileinstaller:1.3.0] AndroidManifest.xml:39:13-57
171            <intent-filter>
171-->[androidx.profileinstaller:profileinstaller:1.3.0] AndroidManifest.xml:40:13-42:29
172                <action android:name="androidx.profileinstaller.action.INSTALL_PROFILE" />
172-->[androidx.profileinstaller:profileinstaller:1.3.0] AndroidManifest.xml:41:17-91
172-->[androidx.profileinstaller:profileinstaller:1.3.0] AndroidManifest.xml:41:25-88
173            </intent-filter>
174            <intent-filter>
174-->[androidx.profileinstaller:profileinstaller:1.3.0] AndroidManifest.xml:43:13-45:29
175                <action android:name="androidx.profileinstaller.action.SKIP_FILE" />
175-->[androidx.profileinstaller:profileinstaller:1.3.0] AndroidManifest.xml:44:17-85
175-->[androidx.profileinstaller:profileinstaller:1.3.0] AndroidManifest.xml:44:25-82
176            </intent-filter>
177            <intent-filter>
177-->[androidx.profileinstaller:profileinstaller:1.3.0] AndroidManifest.xml:46:13-48:29
178                <action android:name="androidx.profileinstaller.action.SAVE_PROFILE" />
178-->[androidx.profileinstaller:profileinstaller:1.3.0] AndroidManifest.xml:47:17-88
178-->[androidx.profileinstaller:profileinstaller:1.3.0] AndroidManifest.xml:47:25-85
179            </intent-filter>
180            <intent-filter>
180-->[androidx.profileinstaller:profileinstaller:1.3.0] AndroidManifest.xml:49:13-51:29
181                <action android:name="androidx.profileinstaller.action.BENCHMARK_OPERATION" />
181-->[androidx.profileinstaller:profileinstaller:1.3.0] AndroidManifest.xml:50:17-95
181-->[androidx.profileinstaller:profileinstaller:1.3.0] AndroidManifest.xml:50:25-92
182            </intent-filter>
183        </receiver>
184    </application>
185
186</manifest>